<?xml version="1.0" encoding="UTF-8"?>
<!-- Generated by org.testng.reporters.JUnitReportReporter -->
<testsuite hostname="MOHAMMEDs-MacBook-Pro.local" name="TestCaseOne" tests="2" failures="0" timestamp="2 Mar 2018 22:41:50 GMT" time="14.970" errors="0">
  <testcase name="Test_Case1" time="14.894" classname="TestCaseOne"/>
  <testcase name="close" time="0.076" classname="TestCaseOne"/>
</testsuite> <!-- TestCaseOne -->
