<?xml version="1.0" encoding="UTF-8"?>
<!-- Generated by org.testng.reporters.JUnitReportReporter -->
<testsuite hostname="MOHAMMEDs-MacBook-Pro.local" name="TestCase3" tests="2" failures="0" timestamp="2 Mar 2018 23:03:29 GMT" time="14.571" errors="0">
  <testcase name="Test_Case1" time="14.499" classname="TestCase3"/>
  <testcase name="close" time="0.072" classname="TestCase3"/>
</testsuite> <!-- TestCase3 -->
