<?xml version="1.0" encoding="UTF-8"?>
<!-- Generated by org.testng.reporters.JUnitReportReporter -->
<testsuite hostname="MOHAMMEDs-MacBook-Pro.local" name="TestCaseOne" tests="2" failures="0" timestamp="2 Mar 2018 23:03:29 GMT" time="14.587" errors="0">
  <testcase name="Test_Case1" time="14.516" classname="TestCaseOne"/>
  <testcase name="close" time="0.071" classname="TestCaseOne"/>
</testsuite> <!-- TestCaseOne -->
