<?xml version="1.0" encoding="UTF-8"?>
<!-- Generated by org.testng.reporters.JUnitReportReporter -->
<testsuite hostname="MOHAMMEDs-MacBook-Pro.local" name="TestCase2" tests="2" failures="0" timestamp="2 Mar 2018 23:03:29 GMT" time="25.996" errors="0">
  <testcase name="Test_Case1" time="25.919" classname="TestCase2"/>
  <testcase name="close" time="0.077" classname="TestCase2"/>
</testsuite> <!-- TestCase2 -->
